0 info it worked if it ends with ok
1 verbose cli [ '/usr/local/Cellar/node/0.10.2/bin/node',
1 verbose cli   '/usr/local/bin/npm',
1 verbose cli   'install',
1 verbose cli   '-g',
1 verbose cli   'tootles' ]
2 info using npm@1.2.15
3 info using node@v0.10.2
4 verbose read json /usr/local/share/npm/lib/package.json
5 verbose read json /usr/local/share/npm/lib/package.json
6 verbose cache add [ 'tootles', null ]
7 verbose cache add name=undefined spec="tootles" args=["tootles",null]
8 verbose parsed url { protocol: null,
8 verbose parsed url   slashes: null,
8 verbose parsed url   auth: null,
8 verbose parsed url   host: null,
8 verbose parsed url   port: null,
8 verbose parsed url   hostname: null,
8 verbose parsed url   hash: null,
8 verbose parsed url   search: null,
8 verbose parsed url   query: null,
8 verbose parsed url   pathname: 'tootles',
8 verbose parsed url   path: 'tootles',
8 verbose parsed url   href: 'tootles' }
9 silly lockFile 235eca67-tootles tootles
10 verbose lock tootles /Users/claysmith/.npm/235eca67-tootles.lock
11 silly lockFile 235eca67-tootles tootles
12 silly lockFile 235eca67-tootles tootles
13 verbose addNamed [ 'tootles', '' ]
14 verbose addNamed [ null, '' ]
15 silly lockFile d7a784f9-tootles tootles@
16 verbose lock tootles@ /Users/claysmith/.npm/d7a784f9-tootles.lock
17 silly addNameRange { name: 'tootles', range: '', hasData: false }
18 verbose url raw tootles
19 verbose url resolving [ 'https://registry.npmjs.org/', './tootles' ]
20 verbose url resolved https://registry.npmjs.org/tootles
21 info trying registry request attempt 1 at 12:38:22
22 http GET https://registry.npmjs.org/tootles
23 http 404 https://registry.npmjs.org/tootles
24 silly registry.get cb [ 404,
24 silly registry.get   { server: 'CouchDB/1.3.0 (Erlang OTP/R15B03)',
24 silly registry.get     date: 'Fri, 12 Jul 2013 19:38:23 GMT',
24 silly registry.get     'content-type': 'application/json',
24 silly registry.get     'content-length': '52',
24 silly registry.get     'cache-control': 'must-revalidate' } ]
25 silly lockFile d7a784f9-tootles tootles@
26 silly lockFile d7a784f9-tootles tootles@
27 error 404 'tootles' is not in the npm registry.
27 error 404 You should bug the author to publish it
27 error 404
27 error 404 Note that you can also install from a
27 error 404 tarball, folder, or http url, or git url.
28 error System Darwin 12.3.0
29 error command "/usr/local/Cellar/node/0.10.2/bin/node" "/usr/local/bin/npm" "install" "-g" "tootles"
30 error cwd /Users/claysmith/Code/tootles
31 error node -v v0.10.2
32 error npm -v 1.2.15
33 error code E404
34 verbose exit [ 1, true ]
